#
# There is insufficient memory for the Java Runtime Environment to continue.
# Native memory allocation (mmap) failed to map 268435456 bytes for Failed to commit area from 0x00000000f0000000 to 0x0000000100000000 of length 268435456.
# Possible reasons:
#   The system is out of physical RAM or swap space
#   In 32 bit mode, the process size limit was hit
# Possible solutions:
#   Reduce memory load on the system
#   Increase physical memory or swap space
#   Check if swap backing store is full
#   Use 64 bit Java on a 64 bit OS
#   Decrease Java heap size (-Xmx/-Xms)
#   Decrease number of Java threads
#   Decrease Java thread stack sizes (-Xss)
#   Set larger code cache with -XX:ReservedCodeCacheSize=
# This output file may be truncated or incomplete.
#
#  Out of Memory Error (os_windows.cpp:3341), pid=7320, tid=0x0000000000002f04
#
# JRE version:  (8.0_191-b12) (build )
# Java VM: Java HotSpot(TM) 64-Bit Server VM (25.191-b12 mixed mode windows-amd64 compressed oops)
# Failed to write core dump. Minidumps are not enabled by default on client versions of Windows
#

---------------  T H R E A D  ---------------

Current thread (0x0000000002d27800):  JavaThread "Unknown thread" [_thread_in_vm, id=12036, stack(0x0000000002c20000,0x0000000002d20000)]

Stack: [0x0000000002c20000,0x0000000002d20000]
[error occurred during error reporting (printing stack bounds), id 0xc0000005]

Native frames: (J=compiled Java code, j=interpreted, Vv=VM code, C=native code)


---------------  P R O C E S S  ---------------

Java Threads: ( => current thread )

Other Threads:

=>0x0000000002d27800 (exited) JavaThread "Unknown thread" [_thread_in_vm, id=12036, stack(0x0000000002c20000,0x0000000002d20000)]

VM state:not at safepoint (not fully initialized)

VM Mutex/Monitor currently owned by a thread:  ([mutex/lock_event])
[0x0000000002d25f90] Heap_lock - owner thread: 0x0000000002d27800

GC Heap History (0 events):
No events

Deoptimization events (0 events):
No events

Classes redefined (0 events):
No events

Internal exceptions (0 events):
No events

Events (0 events):
No events


Dynamic libraries:
0x00007ff757960000 - 0x00007ff757997000 	C:\Program Files (x86)\Common Files\Oracle\Java\javapath\java.exe
0x00007ffc9c200000 - 0x00007ffc9c3ed000 	C:\WINDOWS\SYSTEM32\ntdll.dll
0x00007ffc9a920000 - 0x00007ffc9a9d3000 	C:\WINDOWS\System32\KERNEL32.DLL
0x00007ffc98990000 - 0x00007ffc98c23000 	C:\WINDOWS\System32\KERNELBASE.dll
0x00007ffc9c120000 - 0x00007ffc9c1c3000 	C:\WINDOWS\System32\ADVAPI32.dll
0x00007ffc9bba0000 - 0x00007ffc9bc3e000 	C:\WINDOWS\System32\msvcrt.dll
0x00007ffc9af60000 - 0x00007ffc9affe000 	C:\WINDOWS\System32\sechost.dll
0x00007ffc9abd0000 - 0x00007ffc9acf2000 	C:\WINDOWS\System32\RPCRT4.dll
0x00007ffc9b180000 - 0x00007ffc9b317000 	C:\WINDOWS\System32\USER32.dll
0x00007ffc986d0000 - 0x00007ffc986f0000 	C:\WINDOWS\System32\win32u.dll
0x00007ffc9b000000 - 0x00007ffc9b029000 	C:\WINDOWS\System32\GDI32.dll
0x00007ffc987f0000 - 0x00007ffc9898a000 	C:\WINDOWS\System32\gdi32full.dll
0x00007ffc98630000 - 0x00007ffc986d0000 	C:\WINDOWS\System32\msvcp_win.dll
0x00007ffc986f0000 - 0x00007ffc987ec000 	C:\WINDOWS\System32\ucrtbase.dll
0x00007ffc90610000 - 0x00007ffc90889000 	C:\WINDOWS\WinSxS\amd64_microsoft.windows.common-controls_6595b64144ccf1df_6.0.17763.195_none_05b436ac07203599\COMCTL32.dll
0x00007ffc9b630000 - 0x00007ffc9b95d000 	C:\WINDOWS\System32\combase.dll
0x00007ffc98380000 - 0x00007ffc983fe000 	C:\WINDOWS\System32\bcryptPrimitives.dll
0x00007ffc9bac0000 - 0x00007ffc9baee000 	C:\WINDOWS\System32\IMM32.DLL
0x00007e1100000000 - 0x00007e110006d000 	C:\cmder\vendor\conemu-maximus5\ConEmu\ConEmuHk64.dll
0x0000000050ad0000 - 0x0000000050ba2000 	C:\Program Files\Java\jre1.8.0_191\bin\msvcr100.dll
0x0000000050220000 - 0x0000000050ac4000 	C:\Program Files\Java\jre1.8.0_191\bin\server\jvm.dll
0x00007ffc9baa0000 - 0x00007ffc9baa8000 	C:\WINDOWS\System32\PSAPI.DLL
0x00007ffc84d20000 - 0x00007ffc84d29000 	C:\WINDOWS\SYSTEM32\WSOCK32.dll
0x00007ffc96290000 - 0x00007ffc962b4000 	C:\WINDOWS\SYSTEM32\WINMM.dll
0x00007ffc93790000 - 0x00007ffc9379a000 	C:\WINDOWS\SYSTEM32\VERSION.dll
0x00007ffc96260000 - 0x00007ffc9628d000 	C:\WINDOWS\SYSTEM32\winmmbase.dll
0x00007ffc993e0000 - 0x00007ffc9942a000 	C:\WINDOWS\System32\cfgmgr32.dll
0x00007ffc9b090000 - 0x00007ffc9b0fd000 	C:\WINDOWS\System32\WS2_32.dll
0x0000000050210000 - 0x000000005021f000 	C:\Program Files\Java\jre1.8.0_191\bin\verify.dll
0x00000000501e0000 - 0x0000000050209000 	C:\Program Files\Java\jre1.8.0_191\bin\java.dll
0x00000000501c0000 - 0x00000000501d6000 	C:\Program Files\Java\jre1.8.0_191\bin\zip.dll

VM Arguments:
jvm_args: -Xmx256M -XX:+UseG1GC -XX:MaxGCPauseMillis=20 -XX:InitiatingHeapOccupancyPercent=35 -XX:+ExplicitGCInvokesConcurrent -Djava.awt.headless=true -Dcom.sun.management.jmxremote -Dcom.sun.management.jmxremote.authenticate=false -Dcom.sun.management.jmxremote.ssl=false -Dkafka.logs.dir=/logs -Dlog4j.configuration=file:C:\kafka_2.12-2.0.1/config/tools-log4j.properties 
java_command: kafka.admin.ConsumerGroupCommand --group sample-group --bootstrap-server localhost:32769 --describe
java_class_path (initial): C:\kafka_2.12-2.0.1\libs\activation-1.1.1.jar;C:\kafka_2.12-2.0.1\libs\aopalliance-repackaged-2.5.0-b42.jar;C:\kafka_2.12-2.0.1\libs\argparse4j-0.7.0.jar;C:\kafka_2.12-2.0.1\libs\audience-annotations-0.5.0.jar;C:\kafka_2.12-2.0.1\libs\commons-lang3-3.5.jar;C:\kafka_2.12-2.0.1\libs\connect-api-2.0.1.jar;C:\kafka_2.12-2.0.1\libs\connect-basic-auth-extension-2.0.1.jar;C:\kafka_2.12-2.0.1\libs\connect-file-2.0.1.jar;C:\kafka_2.12-2.0.1\libs\connect-json-2.0.1.jar;C:\kafka_2.12-2.0.1\libs\connect-runtime-2.0.1.jar;C:\kafka_2.12-2.0.1\libs\connect-transforms-2.0.1.jar;C:\kafka_2.12-2.0.1\libs\guava-20.0.jar;C:\kafka_2.12-2.0.1\libs\hk2-api-2.5.0-b42.jar;C:\kafka_2.12-2.0.1\libs\hk2-locator-2.5.0-b42.jar;C:\kafka_2.12-2.0.1\libs\hk2-utils-2.5.0-b42.jar;C:\kafka_2.12-2.0.1\libs\jackson-annotations-2.9.7.jar;C:\kafka_2.12-2.0.1\libs\jackson-core-2.9.7.jar;C:\kafka_2.12-2.0.1\libs\jackson-databind-2.9.7.jar;C:\kafka_2.12-2.0.1\libs\jackson-jaxrs-base-2.9.7.jar;C:\kafka_2.12-2.0.1\libs\jackson-jaxrs-json-provider-2.9.7.jar;C:\kafka_2.12-2.0.1\libs\jackson-module-jaxb-annotations-2.9.7.jar;C:\kafka_2.12-2.0.1\libs\javassist-3.22.0-CR2.jar;C:\kafka_2.12-2.0.1\libs\javax.annotation-api-1.2.jar;C:\kafka_2.12-2.0.1\libs\javax.inject-1.jar;C:\kafka_2.12-2.0.1\libs\javax.inject-2.5.0-b42.jar;C:\kafka_2.12-2.0.1\libs\javax.servlet-api-3.1.0.jar;C:\kafka_2.12-2.0.1\libs\javax.ws.rs-api-2.1.jar;C:\kafka_2.12-2.0.1\libs\jaxb-api-2.3.0.jar;C:\kafka_2.12-2.0.1\libs\jersey-client-2.27.jar;C:\kafka_2.12-2.0.1\libs\jersey-common-2.27.jar;C:\kafka_2.12-2.0.1\libs\jersey-container-servlet-2.27.jar;C:\kafka_2.12-2.0.1\libs\jersey-container-servlet-core-2.27.jar;C:\kafka_2.12-2.0.1\libs\jersey-hk2-2.27.jar;C:\kafka_2.12-2.0.1\libs\jersey-media-jaxb-2.27.jar;C:\kafka_2.12-2.0.1\libs\jersey-server-2.27.jar;C:\kafka_2.12-2.0.1\libs\jetty-client-9.4.11.v20180605.jar;C:\kafka_2.12-2.0.1\libs\jetty-continuation-9.4.11.v20180605.jar;C:\kafka_2.12-2.0.1\libs\jetty-http-9.4.11
Launcher Type: SUN_STANDARD

Environment Variables:
PATH=C:\cmder\bin;C:\cmder\vendor\conemu-maximus5\ConEmu\Scripts;C:\cmder\vendor\conemu-maximus5;C:\cmder\vendor\conemu-maximus5\ConEmu;C:\ProgramData\DockerDesktop\version-bin;C:\Program Files\Docker\Docker\Resources\bin;C:\Program Files (x86)\Common Files\Oracle\Java\javapath;C:\WINDOWS\system32;C:\WINDOWS;C:\WINDOWS\System32\Wbem;C:\WINDOWS\System32\WindowsPowerShell\v1.0\;C:\WINDOWS\System32\OpenSSH\;C:\Program Files\Git\cmd;C:\kafka_2.12-2.0.1\bin\windows;C:\Users\Vinicius\AppData\Local\Microsoft\WindowsApps;C:\Users\Vinicius\AppData\Local\Programs\Microsoft VS Code\bin;C:\Program Files\Git\mingw64;C:\Program Files\Git\usr\bin;C:\cmder
USERNAME=Vinicius
OS=Windows_NT
PROCESSOR_IDENTIFIER=Intel64 Family 6 Model 94 Stepping 3, GenuineIntel



---------------  S Y S T E M  ---------------

OS: Windows 10.0 , 64 bit Build 17763 (10.0.17763.1)

CPU:total 4 (initial active 4) (4 cores per cpu, 1 threads per core) family 6 model 94 stepping 3, cmov, cx8, fxsr, mmx, sse, sse2, sse3, ssse3, sse4.1, sse4.2, popcnt, avx, avx2, aes, clmul, erms, rtm, 3dnowpref, lzcnt, tsc, tscinvbit, bmi1, bmi2, adx

Memory: 4k page, physical 16734928k(634360k free), swap 31099984k(135784k free)

vm_info: Java HotSpot(TM) 64-Bit Server VM (25.191-b12) for windows-amd64 JRE (1.8.0_191-b12), built on Oct  6 2018 09:29:03 by "java_re" with MS VC++ 10.0 (VS2010)

time: Thu Jan 03 14:56:10 2019
elapsed time: 0 seconds (0d 0h 0m 0s)

